2024-02-06 13:18:33,762 [INFO] Activator:176 - 


2024-02-06 13:18:33,768 [INFO] Activator:177 - !SESSION log4j initialized
2024-02-06 13:18:39,474 [INFO] LogOutputStream:77 - [STDOUT_REDIRECT] 
2024-02-06 13:18:41,535 [INFO] ApplicationProperties:184 - Using Application install path: C:\ST\STM32CubeIDE_1.13.2\STM32CubeIDE\plugins\com.st.stm32cube.common.mx_6.9.2.202309101412
2024-02-06 13:18:41,563 [INFO] DbMcusXml:78 - Set database path to: C:\ST\STM32CubeIDE_1.13.2\STM32CubeIDE\plugins\com.st.stm32cube.common.mx_6.9.2.202309101412\\db\/mcu/
2024-02-06 13:18:41,564 [INFO] ApiDb:274 - Set plugin database path to: C:\ST\STM32CubeIDE_1.13.2\STM32CubeIDE\plugins\com.st.stm32cube.common.mx_6.9.2.202309101412\\db\/plugins/boardmanager/
2024-02-06 13:18:41,565 [WARN] ApiDb:259 - Overriding images path with different value:  => C:\ST\STM32CubeIDE_1.13.2\STM32CubeIDE\plugins\com.st.stm32cube.common.mx_6.9.2.202309101412\\db\/plugins/mcufinder/images/
2024-02-06 13:18:41,583 [INFO] ApiDb:250 - Set database path to: C:\Users\carine.allaf.GEII1\.stmcufinder\plugins\mcufinder//mcu/
2024-02-06 13:18:41,583 [INFO] DbMcusAds:125 - Set database path to: C:\Users\carine.allaf.GEII1\.stmcufinder\plugins\mcufinder//mcu/
2024-02-06 13:18:41,586 [INFO] CrossReferenceDbSqlite:203 - Set database path to: C:\Users\carine.allaf.GEII1\.stmcufinder\plugins\mcufinder//mcu/cs/
2024-02-06 13:18:41,736 [INFO] RulesReader:64 - Compatibility file has been processed (293 Rules)
2024-02-06 13:18:41,835 [ERROR] ConfigurationRetriever:142 - IOException on connection: Connect timed out
2024-02-06 13:18:41,864 [INFO] DbMcusXml:78 - Set database path to: C:\ST\STM32CubeIDE_1.13.2\STM32CubeIDE\plugins\com.st.stm32cube.common.mx_6.9.2.202309101412\\db\/mcu/
2024-02-06 13:18:41,864 [INFO] ApiDb:274 - Set plugin database path to: C:\ST\STM32CubeIDE_1.13.2\STM32CubeIDE\plugins\com.st.stm32cube.common.mx_6.9.2.202309101412\\db\/plugins/boardmanager/
2024-02-06 13:18:41,864 [INFO] ApiDb:261 - Set plugin images path to: C:\ST\STM32CubeIDE_1.13.2\STM32CubeIDE\plugins\com.st.stm32cube.common.mx_6.9.2.202309101412\\db\/plugins/mcufinder/images/
2024-02-06 13:18:41,864 [WARN] DbFile:41 - Overriding database path with different value: C:\Users\carine.allaf.GEII1\.stmcufinder\plugins\mcufinder/ => C:\Users\carine.allaf.GEII1\.stmcufinder\plugins\mcufinder
2024-02-06 13:18:41,864 [INFO] ApiDb:250 - Set database path to: C:\Users\carine.allaf.GEII1\.stmcufinder\plugins\mcufinder//mcu/
2024-02-06 13:18:41,864 [WARN] DbFile:41 - Overriding database path with different value: C:\Users\carine.allaf.GEII1\.stmcufinder\plugins\mcufinder/ => C:\Users\carine.allaf.GEII1\.stmcufinder\plugins\mcufinder
2024-02-06 13:18:41,865 [INFO] DbMcusAds:125 - Set database path to: C:\Users\carine.allaf.GEII1\.stmcufinder\plugins\mcufinder//mcu/
2024-02-06 13:18:41,865 [WARN] DbFile:41 - Overriding database path with different value: C:\Users\carine.allaf.GEII1\.stmcufinder\plugins\mcufinder/ => C:\Users\carine.allaf.GEII1\.stmcufinder\plugins\mcufinder
2024-02-06 13:18:41,865 [WARN] DbFile:41 - Overriding database path with different value: C:\Users\carine.allaf.GEII1\.stmcufinder\plugins\mcufinder/ => C:\Users\carine.allaf.GEII1\.stmcufinder\plugins\mcufinder
2024-02-06 13:18:41,865 [INFO] CrossReferenceDbSqlite:203 - Set database path to: C:\Users\carine.allaf.GEII1\.stmcufinder\plugins\mcufinder//mcu/cs/
2024-02-06 13:18:41,967 [INFO] MainPanel:262 - HeapMemory: 268435456
2024-02-06 13:18:42,082 [INFO] DbMcusXml:78 - Set database path to: C:\ST\STM32CubeIDE_1.13.2\STM32CubeIDE\plugins\com.st.stm32cube.common.mx_6.9.2.202309101412\\db\/mcu/
2024-02-06 13:18:42,082 [INFO] ApiDb:274 - Set plugin database path to: C:\ST\STM32CubeIDE_1.13.2\STM32CubeIDE\plugins\com.st.stm32cube.common.mx_6.9.2.202309101412\\db\/plugins/boardmanager/
2024-02-06 13:18:42,082 [INFO] ApiDb:261 - Set plugin images path to: C:\ST\STM32CubeIDE_1.13.2\STM32CubeIDE\plugins\com.st.stm32cube.common.mx_6.9.2.202309101412\\db\/plugins/mcufinder/images/
2024-02-06 13:18:42,083 [WARN] DbFile:41 - Overriding database path with different value: C:\Users\carine.allaf.GEII1\.stmcufinder\plugins\mcufinder/ => C:\Users\carine.allaf.GEII1\.stmcufinder\plugins\mcufinder
2024-02-06 13:18:42,083 [INFO] ApiDb:250 - Set database path to: C:\Users\carine.allaf.GEII1\.stmcufinder\plugins\mcufinder//mcu/
2024-02-06 13:18:42,083 [WARN] DbFile:41 - Overriding database path with different value: C:\Users\carine.allaf.GEII1\.stmcufinder\plugins\mcufinder/ => C:\Users\carine.allaf.GEII1\.stmcufinder\plugins\mcufinder
2024-02-06 13:18:42,083 [INFO] DbMcusAds:125 - Set database path to: C:\Users\carine.allaf.GEII1\.stmcufinder\plugins\mcufinder//mcu/
2024-02-06 13:18:42,083 [WARN] DbFile:41 - Overriding database path with different value: C:\Users\carine.allaf.GEII1\.stmcufinder\plugins\mcufinder/ => C:\Users\carine.allaf.GEII1\.stmcufinder\plugins\mcufinder
2024-02-06 13:18:42,083 [WARN] DbFile:41 - Overriding database path with different value: C:\Users\carine.allaf.GEII1\.stmcufinder\plugins\mcufinder/ => C:\Users\carine.allaf.GEII1\.stmcufinder\plugins\mcufinder
2024-02-06 13:18:42,083 [INFO] CrossReferenceDbSqlite:203 - Set database path to: C:\Users\carine.allaf.GEII1\.stmcufinder\plugins\mcufinder//mcu/cs/
2024-02-06 13:18:42,104 [INFO] ApplicationProperties:184 - Using Application install path: C:\ST\STM32CubeIDE_1.13.2\STM32CubeIDE\plugins\com.st.stm32cube.common.mx_6.9.2.202309101412
2024-02-06 13:18:42,106 [INFO] PluginManage:196 - Search for loadable plugins [exclusion list=, ]
2024-02-06 13:18:42,107 [INFO] PluginManage:310 - Check plugin analytics
2024-02-06 13:18:42,309 [INFO] AnalyticsPlugin:253 - Accepted Software Licenses: 
2024-02-06 13:18:42,309 [INFO] AnalyticsPlugin:255 - Accepted CMSIS Pack Licenses: 
2024-02-06 13:18:42,309 [INFO] AnalyticsPlugin:257 - Accepted Firmware Licenses: 
2024-02-06 13:18:42,312 [INFO] PluginManage:359 - Loaded plugin analytics (category:tool,tabindex:-1)
2024-02-06 13:18:42,313 [INFO] PluginManage:310 - Check plugin cadmodel
2024-02-06 13:18:42,329 [INFO] CADModel:105 - Init CAD model plugin
2024-02-06 13:18:42,329 [INFO] PluginManage:359 - Loaded plugin cadmodel (category:power,tabindex:5)
2024-02-06 13:18:42,330 [INFO] PluginManage:310 - Check plugin clock
2024-02-06 13:18:42,355 [INFO] PluginManage:359 - Loaded plugin clock (category:base,tabindex:2)
2024-02-06 13:18:42,355 [INFO] PluginManage:310 - Check plugin ddr
2024-02-06 13:18:42,359 [INFO] PluginManage:359 - Loaded plugin ddr (category:tool,tabindex:6)
2024-02-06 13:18:42,359 [INFO] PluginManage:310 - Check plugin filemanager
2024-02-06 13:18:42,515 [INFO] PluginManage:359 - Loaded plugin filemanager (category:base,tabindex:10)
2024-02-06 13:18:42,515 [INFO] PluginManage:310 - Check plugin ipmanager
2024-02-06 13:18:42,523 [INFO] PluginManage:359 - Loaded plugin ipmanager (category:base,tabindex:5)
2024-02-06 13:18:42,523 [INFO] PluginManage:310 - Check plugin lpbam
2024-02-06 13:18:42,543 [INFO] PluginManage:359 - Loaded plugin lpbam (category:base,tabindex:0)
2024-02-06 13:18:42,543 [INFO] PluginManage:310 - Check plugin memorymap
2024-02-06 13:18:42,569 [INFO] PluginManage:359 - Loaded plugin memorymap (category:base,tabindex:4)
2024-02-06 13:18:42,570 [INFO] PluginManage:310 - Check plugin pinoutandconfiguration
2024-02-06 13:18:42,587 [INFO] PluginManage:359 - Loaded plugin pinoutandconfiguration (category:base,tabindex:1)
2024-02-06 13:18:42,587 [INFO] PluginManage:310 - Check plugin pinoutconfig
2024-02-06 13:18:42,694 [WARN] SupportedApi:132 - Cannot load RTOS API schema: s4s-elt-must-match.1: The content of 'definitions' must match (annotation?, (simpleType | complexType)?, (unique | key | keyref)*)). A problem was found starting at: attribute.
2024-02-06 13:18:42,856 [INFO] PluginManage:359 - Loaded plugin pinoutconfig (category:base,tabindex:0)
2024-02-06 13:18:42,856 [INFO] PluginManage:310 - Check plugin power
2024-02-06 13:18:42,883 [INFO] PluginManage:359 - Loaded plugin power (category:power,tabindex:4)
2024-02-06 13:18:42,883 [INFO] PluginManage:310 - Check plugin projectmanager
2024-02-06 13:18:42,899 [INFO] PluginManage:359 - Loaded plugin projectmanager (category:projectmanager,tabindex:3)
2024-02-06 13:18:42,899 [INFO] PluginManage:310 - Check plugin thirdparty
2024-02-06 13:18:43,200 [INFO] PluginManage:359 - Loaded plugin thirdparty (category:base,tabindex:-1)
2024-02-06 13:18:43,200 [WARN] IntegrityCheckThread:84 - waiting for thirdparty lock release [integrity check]
2024-02-06 13:18:43,200 [INFO] PluginManage:310 - Check plugin tools
2024-02-06 13:18:43,200 [INFO] IntegrityCheckThread:86 - entering critical section [integrity check]
2024-02-06 13:18:43,201 [INFO] ThirdPartyUpdaterWithRetryManager:70 - Updater plugin not ready yet. [1/15]
2024-02-06 13:18:43,233 [INFO] PluginManage:359 - Loaded plugin tools (category:base,tabindex:7)
2024-02-06 13:18:43,233 [INFO] PluginManage:310 - Check plugin tutovideos
2024-02-06 13:18:43,441 [INFO] PluginManage:359 - Loaded plugin tutovideos (category:base,tabindex:-1)
2024-02-06 13:18:43,441 [INFO] PluginManage:310 - Check plugin updater
2024-02-06 13:18:43,453 [INFO] PluginManage:359 - Loaded plugin updater (category:base,tabindex:12)
2024-02-06 13:18:43,454 [INFO] PluginManage:310 - Check plugin userauth
2024-02-06 13:18:43,459 [INFO] UserAuth:113 - Init User Auth plugin
2024-02-06 13:18:43,459 [INFO] PluginManage:359 - Loaded plugin userauth (category:base,tabindex:14)
2024-02-06 13:18:43,460 [INFO] PluginManage:283 - PluginManage : Loaded plugins [17]
2024-02-06 13:18:43,712 [INFO] PinOutPanel:1499 - setPackage(No Configuration,No Configuration)
2024-02-06 13:18:43,835 [INFO] CADModel:165 - CPN selected for project level
2024-02-06 13:18:43,836 [INFO] CADModel:114 - Register for checkConnection events
2024-02-06 13:18:43,836 [ERROR] ConfigurationRetriever:142 - IOException on connection: Connect timed out
2024-02-06 13:18:43,866 [INFO] IPUIPlugin:80 - create IPUIPlugin
2024-02-06 13:18:43,866 [INFO] PluginManager:220 - loadIPPluginJar : add adc
2024-02-06 13:18:43,902 [INFO] IPUIPlugin:80 - create IPUIPlugin
2024-02-06 13:18:43,902 [INFO] PluginManager:220 - loadIPPluginJar : add aes
2024-02-06 13:18:43,943 [INFO] IPUIPlugin:80 - create IPUIPlugin
2024-02-06 13:18:43,943 [INFO] PluginManager:220 - loadIPPluginJar : add can
2024-02-06 13:18:43,972 [INFO] IPUIPlugin:80 - create IPUIPlugin
2024-02-06 13:18:43,972 [INFO] PluginManager:220 - loadIPPluginJar : add comp
2024-02-06 13:18:44,004 [INFO] IPUIPlugin:80 - create IPUIPlugin
2024-02-06 13:18:44,005 [INFO] PluginManager:220 - loadIPPluginJar : add cryp
2024-02-06 13:18:44,034 [INFO] IPUIPlugin:80 - create IPUIPlugin
2024-02-06 13:18:44,034 [INFO] PluginManager:220 - loadIPPluginJar : add dfsdm
2024-02-06 13:18:44,054 [INFO] IPUIPlugin:80 - create IPUIPlugin
2024-02-06 13:18:44,055 [INFO] PluginManager:220 - loadIPPluginJar : add dma
2024-02-06 13:18:44,103 [INFO] IPUIPlugin:80 - create IPUIPlugin
2024-02-06 13:18:44,103 [INFO] PluginManager:220 - loadIPPluginJar : add dma3
2024-02-06 13:18:44,124 [INFO] IPUIPlugin:80 - create IPUIPlugin
2024-02-06 13:18:44,124 [INFO] PluginManager:220 - loadIPPluginJar : add fatfs
2024-02-06 13:18:44,174 [INFO] IPUIPlugin:80 - create IPUIPlugin
2024-02-06 13:18:44,174 [INFO] PluginManager:220 - loadIPPluginJar : add fmc
2024-02-06 13:18:44,188 [INFO] IPUIPlugin:80 - create IPUIPlugin
2024-02-06 13:18:44,188 [INFO] PluginManager:220 - loadIPPluginJar : add freertos
2024-02-06 13:18:44,208 [INFO] IPUIPlugin:80 - create IPUIPlugin
2024-02-06 13:18:44,208 [INFO] PluginManager:220 - loadIPPluginJar : add genericplugin
2024-02-06 13:18:44,311 [INFO] IPUIPlugin:80 - create IPUIPlugin
2024-02-06 13:18:44,311 [INFO] PluginManager:220 - loadIPPluginJar : add gfxmmu
2024-02-06 13:18:44,453 [INFO] IPUIPlugin:80 - create IPUIPlugin
2024-02-06 13:18:44,453 [INFO] PluginManager:220 - loadIPPluginJar : add gic
2024-02-06 13:18:44,469 [INFO] IPUIPlugin:80 - create IPUIPlugin
2024-02-06 13:18:44,469 [INFO] PluginManager:220 - loadIPPluginJar : add gpio
2024-02-06 13:18:44,593 [INFO] IPUIPlugin:80 - create IPUIPlugin
2024-02-06 13:18:44,593 [INFO] PluginManager:220 - loadIPPluginJar : add gtzc
2024-02-06 13:18:44,626 [INFO] IPUIPlugin:80 - create IPUIPlugin
2024-02-06 13:18:44,626 [INFO] PluginManager:220 - loadIPPluginJar : add hash
2024-02-06 13:18:44,680 [INFO] IPUIPlugin:80 - create IPUIPlugin
2024-02-06 13:18:44,680 [INFO] PluginManager:220 - loadIPPluginJar : add i2c
2024-02-06 13:18:44,721 [INFO] IPUIPlugin:80 - create IPUIPlugin
2024-02-06 13:18:44,721 [INFO] PluginManager:220 - loadIPPluginJar : add i2s
2024-02-06 13:18:44,761 [INFO] IPUIPlugin:80 - create IPUIPlugin
2024-02-06 13:18:44,761 [INFO] PluginManager:220 - loadIPPluginJar : add i3c
2024-02-06 13:18:44,882 [INFO] IPUIPlugin:80 - create IPUIPlugin
2024-02-06 13:18:44,882 [INFO] PluginManager:220 - loadIPPluginJar : add ipddr
2024-02-06 13:18:44,977 [INFO] IPUIPlugin:80 - create IPUIPlugin
2024-02-06 13:18:44,977 [INFO] PluginManager:220 - loadIPPluginJar : add linkedlist
2024-02-06 13:18:45,010 [INFO] IPUIPlugin:80 - create IPUIPlugin
2024-02-06 13:18:45,010 [INFO] PluginManager:220 - loadIPPluginJar : add lorawan
2024-02-06 13:18:45,045 [INFO] IPUIPlugin:80 - create IPUIPlugin
2024-02-06 13:18:45,045 [INFO] PluginManager:220 - loadIPPluginJar : add ltdc
2024-02-06 13:18:45,060 [INFO] IPUIPlugin:80 - create IPUIPlugin
2024-02-06 13:18:45,060 [INFO] PluginManager:220 - loadIPPluginJar : add mdma
2024-02-06 13:18:45,071 [INFO] IPUIPlugin:80 - create IPUIPlugin
2024-02-06 13:18:45,071 [INFO] PluginManager:220 - loadIPPluginJar : add nvic
2024-02-06 13:18:45,106 [INFO] IPUIPlugin:80 - create IPUIPlugin
2024-02-06 13:18:45,106 [INFO] PluginManager:220 - loadIPPluginJar : add opamp
2024-02-06 13:18:45,166 [INFO] IPUIPlugin:80 - create IPUIPlugin
2024-02-06 13:18:45,167 [INFO] PluginManager:220 - loadIPPluginJar : add openamp
2024-02-06 13:18:45,209 [INFO] IPUIPlugin:80 - create IPUIPlugin
2024-02-06 13:18:45,209 [INFO] PluginManager:220 - loadIPPluginJar : add pdm2pcm
2024-02-06 13:18:45,223 [INFO] IPUIPlugin:80 - create IPUIPlugin
2024-02-06 13:18:45,225 [INFO] PluginManager:220 - loadIPPluginJar : add plateformsettings
2024-02-06 13:18:45,245 [INFO] IPUIPlugin:80 - create IPUIPlugin
2024-02-06 13:18:45,245 [INFO] PluginManager:220 - loadIPPluginJar : add quadspi
2024-02-06 13:18:45,258 [INFO] IPUIPlugin:80 - create IPUIPlugin
2024-02-06 13:18:45,258 [INFO] PluginManager:220 - loadIPPluginJar : add resmgrutility
2024-02-06 13:18:45,534 [INFO] IPUIPlugin:80 - create IPUIPlugin
2024-02-06 13:18:45,534 [INFO] PluginManager:220 - loadIPPluginJar : add sai
2024-02-06 13:18:45,573 [INFO] IPUIPlugin:80 - create IPUIPlugin
2024-02-06 13:18:45,573 [INFO] PluginManager:220 - loadIPPluginJar : add spi
2024-02-06 13:18:45,635 [INFO] IPUIPlugin:80 - create IPUIPlugin
2024-02-06 13:18:45,636 [INFO] PluginManager:220 - loadIPPluginJar : add stm32_wpan
2024-02-06 13:18:45,660 [INFO] IPUIPlugin:80 - create IPUIPlugin
2024-02-06 13:18:45,660 [INFO] PluginManager:220 - loadIPPluginJar : add tim
2024-02-06 13:18:45,719 [INFO] IPUIPlugin:80 - create IPUIPlugin
2024-02-06 13:18:45,719 [INFO] PluginManager:220 - loadIPPluginJar : add touchsensing
2024-02-06 13:18:45,742 [INFO] IPUIPlugin:80 - create IPUIPlugin
2024-02-06 13:18:45,742 [INFO] PluginManager:220 - loadIPPluginJar : add tracer_emb
2024-02-06 13:18:45,764 [INFO] IPUIPlugin:80 - create IPUIPlugin
2024-02-06 13:18:45,764 [INFO] PluginManager:220 - loadIPPluginJar : add ts
2024-02-06 13:18:45,785 [INFO] IPUIPlugin:80 - create IPUIPlugin
2024-02-06 13:18:45,785 [INFO] PluginManager:220 - loadIPPluginJar : add tsc
2024-02-06 13:18:45,807 [INFO] IPUIPlugin:80 - create IPUIPlugin
2024-02-06 13:18:45,807 [INFO] PluginManager:220 - loadIPPluginJar : add ucpd
2024-02-06 13:18:45,837 [ERROR] ConfigurationRetriever:142 - IOException on connection: Connect timed out
2024-02-06 13:18:45,852 [INFO] IPUIPlugin:80 - create IPUIPlugin
2024-02-06 13:18:45,852 [INFO] PluginManager:220 - loadIPPluginJar : add usart
2024-02-06 13:18:45,899 [INFO] IPUIPlugin:80 - create IPUIPlugin
2024-02-06 13:18:45,899 [INFO] PluginManager:220 - loadIPPluginJar : add usbx
2024-02-06 13:18:46,028 [INFO] CADModel:165 - CPN selected for project level
2024-02-06 13:18:46,028 [INFO] CADModel:114 - Register for checkConnection events
2024-02-06 13:18:46,029 [FATAL] Updater:308 - Updater called before beeing initialized
2024-02-06 13:18:46,029 [ERROR] CADModel:125 - Updater not yet initialized, retry later 
2024-02-06 13:18:46,200 [INFO] CADModel:165 - CPN selected for project level
2024-02-06 13:18:46,200 [INFO] CADModel:114 - Register for checkConnection events
2024-02-06 13:18:46,200 [FATAL] Updater:308 - Updater called before beeing initialized
2024-02-06 13:18:46,200 [ERROR] CADModel:125 - Updater not yet initialized, retry later 
2024-02-06 13:18:46,201 [INFO] ThirdPartyUpdaterWithRetryManager:70 - Updater plugin not ready yet. [2/15]
2024-02-06 13:18:46,205 [FATAL] Updater:308 - Updater called before beeing initialized
2024-02-06 13:18:46,335 [FATAL] Updater:308 - Updater called before beeing initialized
2024-02-06 13:18:46,349 [INFO] DbMcusAds:53 - JSON generation date=Wed Nov 29 11:52:27 CET 2023 (1701255147200)
2024-02-06 13:18:46,350 [FATAL] Updater:308 - Updater called before beeing initialized
2024-02-06 13:18:46,434 [WARN] DetailPanel:346 - Failed to get advertising image, set to default
2024-02-06 13:18:46,540 [FATAL] Updater:308 - Updater called before beeing initialized
2024-02-06 13:18:46,542 [FATAL] Updater:308 - Updater called before beeing initialized
2024-02-06 13:18:46,542 [FATAL] Updater:308 - Updater called before beeing initialized
2024-02-06 13:18:46,542 [WARN] DetailPanel:346 - Failed to get advertising image, set to default
2024-02-06 13:18:46,543 [FATAL] Updater:308 - Updater called before beeing initialized
2024-02-06 13:18:46,635 [ERROR] Updater:1120 - MainUpdater not yet initialized. External WinMGr cannot be set.
2024-02-06 13:18:46,647 [INFO] Updater:1056 - Updater Version found : 6.9.2
2024-02-06 13:18:46,667 [INFO] ApplicationProperties:184 - Using Application install path: C:\ST\STM32CubeIDE_1.13.2\STM32CubeIDE\plugins\com.st.stm32cube.common.mx_6.9.2.202309101412
2024-02-06 13:18:47,098 [INFO] MainUpdater:2868 - connection check result : 10
2024-02-06 13:18:47,099 [INFO] MainUpdater:285 - Updater Check For Update Now.
2024-02-06 13:18:47,099 [INFO] MicroXplorer:498 - Change Database Version : DB.6.0.92
2024-02-06 13:18:47,118 [INFO] McuFinderGlobals:63 - Set McuFinder mode to 2 (CubeIDE integrated)
2024-02-06 13:18:47,118 [INFO] UserAuth:179 - activating auth plugin
2024-02-06 13:18:47,121 [INFO] UserAuth:393 - Internet connection configuration mode: 1
2024-02-06 13:18:47,157 [INFO] JxBrowserEngine:151 - Initiate JxBrowser Engine with user profile folder
2024-02-06 13:18:47,313 [ERROR] ConfigurationRetriever:142 - IOException on connection: Connect timed out
2024-02-06 13:18:47,334 [INFO] CheckServerUpdateThread:120 - End of CheckServer Thread
2024-02-06 13:18:49,405 [WARN] PackLoader:240 - Cannot read IP mode file for STMicroelectronics.X-CUBE-SMBUS.2.1.0
2024-02-06 13:18:49,421 [WARN] PackLoader:240 - Cannot read IP mode file for STMicroelectronics.X-CUBE-TOUCHGFX.4.23.0
2024-02-06 13:18:49,471 [WARN] PackLoader:240 - Cannot read IP mode file for STMicroelectronics.X-CUBE-AZRTOS-F7.1.1.0
2024-02-06 13:18:49,498 [WARN] PackLoader:240 - Cannot read IP mode file for STMicroelectronics.FP-SNS-MOTENV1.4.3.2
2024-02-06 13:18:49,521 [WARN] PackLoader:240 - Cannot read IP mode file for STMicroelectronics.X-CUBE-BLE1.6.2.4
2024-02-06 13:18:49,537 [WARN] PackLoader:240 - Cannot read IP mode file for STMicroelectronics.FP-SNS-FLIGHT1.5.0.2
2024-02-06 13:18:49,564 [WARN] PackLoader:240 - Cannot read IP mode file for STMicroelectronics.X-CUBE-DISPLAY.3.0.0
2024-02-06 13:18:49,585 [WARN] PackLoader:240 - Cannot read IP mode file for STMicroelectronics.X-CUBE-BLE1.7.0.0
2024-02-06 13:18:49,604 [WARN] PackLoader:240 - Cannot read IP mode file for STMicroelectronics.X-CUBE-TOUCHGFX.4.22.0
2024-02-06 13:18:49,620 [WARN] PackLoader:240 - Cannot read IP mode file for STMicroelectronics.X-CUBE-TOUCHGFX.4.22.1
2024-02-06 13:18:49,636 [WARN] PackLoader:240 - Cannot read IP mode file for STMicroelectronics.FP-SNS-SMARTAG2.1.2.0
2024-02-06 13:18:49,692 [INFO] LogOutputStream:77 - [STDOUT_REDIRECT] 1 : Invalid condition id : UX_CORESTACK_Condition cause : null
2024-02-06 13:18:49,693 [INFO] LogOutputStream:77 - [STDOUT_REDIRECT] 1 : Invalid condition id : UX_CORESTACK_Condition cause : null
2024-02-06 13:18:49,695 [INFO] LogOutputStream:77 - [STDOUT_REDIRECT] 1 : Invalid condition id : UX_CORESTACK_Condition cause : null
2024-02-06 13:18:49,696 [INFO] LogOutputStream:77 - [STDOUT_REDIRECT] 1 : Invalid condition id : UX_CORESTACK_Condition cause : null
2024-02-06 13:18:49,698 [INFO] LogOutputStream:77 - [STDOUT_REDIRECT] 1 : Invalid condition id : UX_CORESTACK_Condition cause : null
2024-02-06 13:18:49,705 [WARN] PackLoader:240 - Cannot read IP mode file for STMicroelectronics.X-CUBE-AZRTOS-WL.2.0.0
2024-02-06 13:18:49,730 [WARN] PackLoader:240 - Cannot read IP mode file for WES.I-CUBE-Cesium.1.3.0
2024-02-06 13:18:49,743 [WARN] PackLoader:240 - Cannot read IP mode file for STMicroelectronics.X-CUBE-BLE2.3.3.0
2024-02-06 13:18:49,759 [WARN] PackLoader:240 - Cannot read IP mode file for STMicroelectronics.X-CUBE-DISPLAY.2.2.0
2024-02-06 13:18:49,795 [WARN] PackLoader:240 - Cannot read IP mode file for STMicroelectronics.X-CUBE-TOF1.3.2.0
2024-02-06 13:18:49,894 [WARN] PackLoader:240 - Cannot read IP mode file for STMicroelectronics.X-CUBE-AZRTOS-H7.2.1.0
2024-02-06 13:18:49,921 [WARN] PackLoader:240 - Cannot read IP mode file for STMicroelectronics.X-CUBE-TOUCHGFX.4.21.0
2024-02-06 13:18:49,995 [WARN] PackLoader:240 - Cannot read IP mode file for STMicroelectronics.X-CUBE-MEMS1.9.4.0
2024-02-06 13:18:50,215 [WARN] PackLoader:240 - Cannot read IP mode file for STMicroelectronics.X-CUBE-AI.7.3.0
2024-02-06 13:18:50,236 [WARN] PackLoader:240 - Cannot read IP mode file for STMicroelectronics.X-CUBE-ALGOBUILD.1.3.0
2024-02-06 13:18:50,276 [WARN] PackLoader:240 - Cannot read IP mode file for STMicroelectronics.X-CUBE-AZRTOS-G0.1.1.0
2024-02-06 13:18:50,294 [WARN] PackLoader:240 - Cannot read IP mode file for STMicroelectronics.X-CUBE-NFC4.3.0.0
2024-02-06 13:18:50,364 [WARN] PackLoader:240 - Cannot read IP mode file for SEGGER.I-CUBE-embOS.1.2.1
2024-02-06 13:18:50,454 [WARN] PackLoader:240 - Cannot read IP mode file for STMicroelectronics.X-CUBE-BLEMGR.3.0.0
2024-02-06 13:18:50,478 [WARN] PackLoader:240 - Cannot read IP mode file for STMicroelectronics.X-CUBE-BLEMGR.1.3.0
2024-02-06 13:18:50,482 [INFO] WebApp:157 - Instantiating new browser for Auth
2024-02-06 13:18:50,511 [WARN] PackLoader:240 - Cannot read IP mode file for STMicroelectronics.FP-ATR-SIGFOX1.3.2.0
2024-02-06 13:18:50,529 [WARN] PackLoader:240 - Cannot read IP mode file for STMicroelectronics.X-CUBE-EEPRMA1.5.1.0
2024-02-06 13:18:50,596 [WARN] PackLoader:240 - Cannot read IP mode file for STMicroelectronics.X-CUBE-TOUCHGFX.4.20.0
2024-02-06 13:18:50,639 [WARN] PackLoader:240 - Cannot read IP mode file for SEGGER.I-CUBE-embOS.1.3.1
2024-02-06 13:18:50,697 [WARN] PackLoader:240 - Cannot read IP mode file for STMicroelectronics.X-CUBE-GNSS1.6.0.0
2024-02-06 13:18:50,734 [WARN] PackLoader:240 - Cannot read IP mode file for STMicroelectronics.X-CUBE-AZRTOS-F4.1.1.0
2024-02-06 13:18:50,773 [WARN] PackLoader:240 - Cannot read IP mode file for STMicroelectronics.X-CUBE-AZRTOS-L5.2.0.0
2024-02-06 13:18:50,838 [WARN] PackLoader:240 - Cannot read IP mode file for STMicroelectronics.X-CUBE-MEMS1.9.6.0
2024-02-06 13:18:50,999 [WARN] PackLoader:240 - Cannot read IP mode file for STMicroelectronics.X-CUBE-EEPRMA1.4.2.0
2024-02-06 13:18:51,013 [WARN] PackLoader:240 - Cannot read IP mode file for ITTIA_DB.I-CUBE-ITTIADB.8.8.0
2024-02-06 13:18:51,030 [WARN] PackLoader:240 - Cannot read IP mode file for emotas.I-CUBE-CANOPEN.1.1.3
2024-02-06 13:18:51,053 [WARN] PackLoader:240 - Cannot read IP mode file for STMicroelectronics.X-CUBE-BLEMGR.2.0.0
2024-02-06 13:18:51,071 [WARN] PackLoader:240 - Cannot read IP mode file for STMicroelectronics.X-CUBE-NFC4.2.0.5
2024-02-06 13:18:51,111 [WARN] ConditionMgr:438 - getConditionDescription Invalid condition id : UX DEVICE CLASS RTOS Condition cause : null
2024-02-06 13:18:51,111 [WARN] ConditionMgr:438 - getConditionDescription Invalid condition id : UX DEVICE CLASS RTOS Condition cause : null
2024-02-06 13:18:51,115 [WARN] PackLoader:240 - Cannot read IP mode file for STMicroelectronics.X-CUBE-AZRTOS-H7.3.1.0
2024-02-06 13:18:51,117 [WARN] ConditionMgr:1039 - genDependencies : Invalid condition id : UX DEVICE CLASS RTOS Condition cause : null
2024-02-06 13:18:51,117 [WARN] ConditionMgr:1039 - genDependencies : Invalid condition id : UX DEVICE CLASS RTOS Condition cause : null
2024-02-06 13:18:51,118 [WARN] ConditionMgr:1039 - genDependencies : Invalid condition id : UX DEVICE CLASS RTOS Condition cause : null
2024-02-06 13:18:51,118 [WARN] ConditionMgr:1039 - genDependencies : Invalid condition id : UX DEVICE CLASS RTOS Condition cause : null
2024-02-06 13:18:51,119 [WARN] ConditionMgr:1039 - genDependencies : Invalid condition id : UX DEVICE CLASS RTOS Condition cause : null
2024-02-06 13:18:51,137 [WARN] PackLoader:240 - Cannot read IP mode file for wolfSSL.I-CUBE-wolfSSL.5.5.3
2024-02-06 13:18:51,153 [WARN] PackLoader:240 - Cannot read IP mode file for STMicroelectronics.X-CUBE-NFC7.1.0.1
2024-02-06 13:18:51,174 [WARN] PackLoader:240 - Cannot read IP mode file for STMicroelectronics.X-CUBE-NFC7.1.0.0
2024-02-06 13:18:51,195 [WARN] PackLoader:240 - Cannot read IP mode file for STMicroelectronics.X-CUBE-NFC6.3.0.0
2024-02-06 13:18:51,212 [WARN] PackLoader:240 - Cannot read IP mode file for STMicroelectronics.X-CUBE-EEPRMA1.4.1.0
2024-02-06 13:18:51,225 [WARN] PackLoader:240 - Cannot read IP mode file for STMicroelectronics.X-CUBE-AI.8.1.0
2024-02-06 13:18:51,260 [WARN] ConditionMgr:438 - getConditionDescription Invalid condition id : LAN8742 Phy interface Condition cause : null
2024-02-06 13:18:51,261 [WARN] PackLoader:240 - Cannot read IP mode file for STMicroelectronics.X-CUBE-AZRTOS-L4.2.0.0
2024-02-06 13:18:51,263 [WARN] ConditionMgr:1039 - genDependencies : Invalid condition id : LAN8742 Phy interface Condition cause : null
2024-02-06 13:18:51,263 [WARN] ConditionMgr:1039 - genDependencies : Invalid condition id : LAN8742 Phy interface Condition cause : null
2024-02-06 13:18:51,263 [WARN] ConditionMgr:1039 - genDependencies : Invalid condition id : LAN8742 Phy interface Condition cause : null
2024-02-06 13:18:51,281 [WARN] PackLoader:240 - Cannot read IP mode file for STMicroelectronics.X-CUBE-SFXS2LP1.4.0.0
2024-02-06 13:18:51,319 [WARN] PackLoader:240 - Cannot read IP mode file for STMicroelectronics.X-CUBE-AZRTOS-H7.3.0.0
2024-02-06 13:18:51,337 [WARN] PackLoader:240 - Cannot read IP mode file for STMicroelectronics.X-CUBE-ISPU.1.1.0
2024-02-06 13:18:51,365 [WARN] PackLoader:240 - Cannot read IP mode file for RoweBots.I-CUBE-UNISONRTOS.5.5.0-4
2024-02-06 13:18:51,569 [WARN] ConditionMgr:438 - getConditionDescription Invalid condition id : UX DEVICE CLASS RTOS Condition cause : null
2024-02-06 13:18:51,569 [WARN] ConditionMgr:438 - getConditionDescription Invalid condition id : UX DEVICE CLASS RTOS Condition cause : null
2024-02-06 13:18:51,571 [WARN] PackLoader:240 - Cannot read IP mode file for STMicroelectronics.X-CUBE-AZRTOS-WB.2.0.0
2024-02-06 13:18:51,572 [WARN] ConditionMgr:1039 - genDependencies : Invalid condition id : UX DEVICE CLASS RTOS Condition cause : null
2024-02-06 13:18:51,572 [WARN] ConditionMgr:1039 - genDependencies : Invalid condition id : UX DEVICE CLASS RTOS Condition cause : null
2024-02-06 13:18:51,573 [WARN] ConditionMgr:1039 - genDependencies : Invalid condition id : UX DEVICE CLASS RTOS Condition cause : null
2024-02-06 13:18:51,573 [WARN] ConditionMgr:1039 - genDependencies : Invalid condition id : UX DEVICE CLASS RTOS Condition cause : null
2024-02-06 13:18:51,573 [WARN] ConditionMgr:1039 - genDependencies : Invalid condition id : UX DEVICE CLASS RTOS Condition cause : null
2024-02-06 13:18:51,604 [WARN] PackLoader:240 - Cannot read IP mode file for STMicroelectronics.X-CUBE-AZRTOS-L5.1.1.0
2024-02-06 13:18:51,628 [WARN] PackLoader:240 - Cannot read IP mode file for STMicroelectronics.X-CUBE-SUBG2.5.0.0
2024-02-06 13:18:51,653 [WARN] PackLoader:240 - Cannot read IP mode file for STMicroelectronics.X-CUBE-TOF1.3.3.1
2024-02-06 13:18:51,684 [WARN] PackLoader:240 - Cannot read IP mode file for STMicroelectronics.X-CUBE-AZRTOS-G4.2.0.0
2024-02-06 13:18:51,696 [WARN] PackLoader:240 - Cannot read IP mode file for STMicroelectronics.FP-ATR-ASTRA1.1.1.1
2024-02-06 13:18:51,728 [WARN] PackLoader:240 - Cannot read IP mode file for Infineon.AIROC-Wi-Fi-Bluetooth-STM32.1.5.1
2024-02-06 13:18:51,747 [WARN] PackLoader:240 - Cannot read IP mode file for STMicroelectronics.FP-SNS-MOTENVWB1.1.3.1
2024-02-06 13:18:51,773 [WARN] PackLoader:240 - Cannot read IP mode file for STMicroelectronics.X-CUBE-AZRTOS-G4.1.0.0
2024-02-06 13:18:51,805 [WARN] PackLoader:240 - Cannot read IP mode file for STMicroelectronics.X-CUBE-AZRTOS-L4.1.0.0
2024-02-06 13:18:51,821 [WARN] PackLoader:240 - Cannot read IP mode file for STMicroelectronics.X-CUBE-ISPU.2.0.0
2024-02-06 13:18:51,858 [INFO] WebApp:753 - Register for checkConnection events
2024-02-06 13:18:51,858 [INFO] WebApp:390 - Apply proxy settings
2024-02-06 13:18:51,859 [INFO] WebApp:435 - Chromium authenticates against Manually configured proxy
2024-02-06 13:18:51,872 [INFO] WebApp:443 - Username used for proxy authentication: 
2024-02-06 13:18:51,879 [WARN] PackLoader:240 - Cannot read IP mode file for STMicroelectronics.X-CUBE-MEMS1.10.0.0
2024-02-06 13:18:51,968 [WARN] PackLoader:240 - Cannot read IP mode file for STMicroelectronics.X-CUBE-FREERTOS.1.1.0
2024-02-06 13:18:51,991 [WARN] PackLoader:240 - Cannot read IP mode file for STMicroelectronics.X-CUBE-AZRTOS-WL.1.0.0
2024-02-06 13:18:52,014 [WARN] PackLoader:240 - Cannot read IP mode file for portGmbH.I-Cube-SoM-uGOAL.1.1.0
2024-02-06 13:18:52,032 [WARN] PackLoader:240 - Cannot read IP mode file for STMicroelectronics.X-CUBE-ALS.1.0.1
2024-02-06 13:18:52,064 [WARN] PackLoader:240 - Cannot read IP mode file for STMicroelectronics.X-CUBE-AZRTOS-WB.1.1.0
2024-02-06 13:18:52,082 [WARN] PackLoader:240 - Cannot read IP mode file for STMicroelectronics.X-CUBE-EEPRMA1.3.1.1
2024-02-06 13:18:52,096 [WARN] PackLoader:240 - Cannot read IP mode file for STMicroelectronics.FP-ATR-ASTRA1.2.0.0
2024-02-06 13:18:52,125 [WARN] PackLoader:240 - Cannot read IP mode file for STMicroelectronics.X-CUBE-TOF1.3.4.0
2024-02-06 13:18:52,174 [WARN] PackLoader:240 - Cannot read IP mode file for STMicroelectronics.X-CUBE-AZRTOS-H7.3.2.0
2024-02-06 13:18:52,181 [INFO] ThirdParty:978 - Integrity check success = true
2024-02-06 13:18:52,181 [INFO] IntegrityCheckThread:100 - exiting critical section [integrity check]
2024-02-06 13:18:52,181 [INFO] IntegrityCheckThread:103 - End integrity checks thread
2024-02-06 13:18:52,212 [INFO] WebApp:188 - Starting web application
2024-02-06 13:18:52,212 [INFO] WebApp:520 - Web application path used C:\ST\STM32CubeIDE_1.13.2\STM32CubeIDE\plugins\com.st.stm32cube.common.mx_6.9.2.202309101412\db\plugins\mcufinder\reactClient1\index.html
2024-02-06 13:19:13,018 [ERROR] LogOutputStream:75 - [STDERR_REDIRECT] SLF4J: Failed to load class "org.slf4j.impl.StaticLoggerBinder".
2024-02-06 13:19:13,018 [ERROR] LogOutputStream:75 - [STDERR_REDIRECT] SLF4J: Defaulting to no-operation (NOP) logger implementation
2024-02-06 13:19:13,020 [ERROR] LogOutputStream:75 - [STDERR_REDIRECT] SLF4J: See http://www.slf4j.org/codes.html#StaticLoggerBinder for further details.
2024-02-06 15:04:52,281 [INFO] McuFinderGlobals:63 - Set McuFinder mode to 2 (CubeIDE integrated)
2024-02-06 15:04:52,307 [INFO] MainUpdater:2868 - connection check result : 10
2024-02-06 15:04:52,314 [INFO] MainUpdater:2868 - connection check result : 10
2024-02-06 15:04:52,468 [INFO] MicroXplorer:468 - Change Database Path : 
2024-02-06 15:04:52,468 [INFO] MicroXplorer:498 - Change Database Version : DB.6.0.92
2024-02-06 15:04:52,472 [WARN] ThirdParty:871 - waiting for thirdparty lock release [close project]
2024-02-06 15:04:52,472 [INFO] ThirdParty:873 - entering critical section [close project]
2024-02-06 15:04:52,490 [INFO] ThirdParty:883 - exiting critical section [close project]
2024-02-06 15:04:52,492 [INFO] PinOutPanel:1499 - setPackage(No Configuration,No Configuration)
2024-02-06 15:04:52,502 [INFO] UtilMem:75 - Begin LoadConfig() Used Memory: 185644464 Bytes (274726912)
2024-02-06 15:04:52,503 [INFO] MicroXplorer:468 - Change Database Path : 
2024-02-06 15:04:52,503 [INFO] MicroXplorer:498 - Change Database Version : DB.6.0.92
2024-02-06 15:04:52,503 [INFO] OpenFileManager:308 - Change cursor
2024-02-06 15:04:52,582 [INFO] Mcu:1946 - Initializing MCU STM32F429ZITx STM32F429ZITx STM32F429ZIT6
2024-02-06 15:04:55,040 [INFO] Context:659 - Trying to add GPIOservice into a context  which must be forbidden
2024-02-06 15:04:55,832 [INFO] RtosManager:555 - Registered RTOS mode: class=CMSIS, group=RTOS, mode=CMSIS_V1, owner=FREERTOS
2024-02-06 15:04:55,832 [INFO] RtosManager:555 - Registered RTOS mode: class=CMSIS, group=RTOS2, mode=CMSIS_V2, owner=FREERTOS
2024-02-06 15:04:55,832 [INFO] RtosManager:555 - Registered RTOS mode: class=RTOS, group=Core, mode=CMSIS_V1, owner=FREERTOS
2024-02-06 15:04:55,832 [INFO] RtosManager:555 - Registered RTOS mode: class=RTOS, group=Core, mode=CMSIS_V2, owner=FREERTOS
2024-02-06 15:04:55,832 [WARN] ModelIntegratedComponent:184 - Missing modes for component STMicroelectronics:FreeRTOS:0.0.1:STMicroelectronics:RTOS:FreeRTOS:Core:::10.2.0:
2024-02-06 15:04:55,847 [WARN] ModelIntegratedComponent:63 - No mode defined for component null
2024-02-06 15:04:55,847 [WARN] ModelIntegratedComponent:63 - No mode defined for component null
2024-02-06 15:04:55,847 [WARN] ModelIntegratedComponent:63 - No mode defined for component null
2024-02-06 15:04:55,847 [WARN] ModelIntegratedComponent:63 - No mode defined for component null
2024-02-06 15:04:55,847 [WARN] ModelIntegratedComponent:63 - No mode defined for component null
2024-02-06 15:04:55,847 [WARN] ModelIntegratedComponent:63 - No mode defined for component null
2024-02-06 15:04:55,847 [WARN] ModelIntegratedComponent:63 - No mode defined for component null
2024-02-06 15:04:55,847 [WARN] ModelIntegratedComponent:63 - No mode defined for component null
2024-02-06 15:04:55,847 [WARN] ModelIntegratedComponent:63 - No mode defined for component null
2024-02-06 15:04:55,847 [WARN] ModelIntegratedComponent:63 - No mode defined for component null
2024-02-06 15:04:55,847 [WARN] ModelIntegratedComponent:63 - No mode defined for component null
2024-02-06 15:04:55,847 [WARN] ModelIntegratedComponent:63 - No mode defined for component null
2024-02-06 15:04:55,847 [WARN] ModelIntegratedComponent:63 - No mode defined for component null
2024-02-06 15:04:55,847 [WARN] ModelIntegratedComponent:63 - No mode defined for component null
2024-02-06 15:04:55,848 [WARN] ModelIntegratedComponent:63 - No mode defined for component null
2024-02-06 15:04:55,848 [WARN] ModelIntegratedComponent:63 - No mode defined for component null
2024-02-06 15:04:55,848 [WARN] ModelIntegratedComponent:63 - No mode defined for component null
2024-02-06 15:04:55,848 [WARN] ModelIntegratedComponent:63 - No mode defined for component null
2024-02-06 15:04:55,848 [WARN] ModelIntegratedComponent:63 - No mode defined for component null
2024-02-06 15:04:55,848 [WARN] ModelIntegratedComponent:63 - No mode defined for component null
2024-02-06 15:04:55,848 [WARN] ModelIntegratedComponent:63 - No mode defined for component null
2024-02-06 15:04:55,848 [WARN] ModelIntegratedComponent:63 - No mode defined for component null
2024-02-06 15:04:55,848 [WARN] ModelIntegratedComponent:63 - No mode defined for component null
2024-02-06 15:04:55,848 [WARN] ModelIntegratedComponent:63 - No mode defined for component null
2024-02-06 15:04:55,848 [WARN] ModelIntegratedComponent:63 - No mode defined for component null
2024-02-06 15:04:55,848 [WARN] ModelIntegratedComponent:63 - No mode defined for component null
2024-02-06 15:04:55,848 [WARN] ModelIntegratedComponent:63 - No mode defined for component null
2024-02-06 15:04:55,848 [WARN] ModelIntegratedComponent:63 - No mode defined for component null
2024-02-06 15:04:55,848 [WARN] ModelIntegratedComponent:63 - No mode defined for component null
2024-02-06 15:04:55,848 [WARN] ModelIntegratedComponent:63 - No mode defined for component null
2024-02-06 15:04:55,848 [WARN] ModelIntegratedComponent:63 - No mode defined for component null
2024-02-06 15:04:55,848 [WARN] ModelIntegratedComponent:63 - No mode defined for component null
2024-02-06 15:04:55,848 [WARN] ModelIntegratedComponent:63 - No mode defined for component null
2024-02-06 15:04:55,951 [INFO] ThirdPartyModel:298 - Start build external matchings
2024-02-06 15:04:57,402 [INFO] ThirdPartyModel:316 - End build external matchings
2024-02-06 15:04:57,919 [INFO] UtilMem:75 - End LoadConfig() Used Memory: 292926632 Bytes (679477248)
2024-02-06 15:04:58,059 [INFO] ApiDb:581 - Connected to CubeFinder SQLite database (C:\Users\carine.allaf.GEII1\.stmcufinder\plugins\mcufinder\mcu\cube-finder-db.db)
2024-02-06 15:04:58,192 [INFO] ApiDb:668 - CubeFinder database Data Model version=2.1
2024-02-06 15:04:58,192 [INFO] ApiDb:669 - CubeFinder database Configuration version=3.0.39
2024-02-06 15:04:58,193 [INFO] ApiDb:670 - CubeFinder database generation date=2024-01-11 (1704964531)
2024-02-06 15:04:58,193 [INFO] ApiDb:671 - CubeFinder database FW Pack versions=[FP-ATR-ASTRA1_V2.0.0, FP-SNS-FLIGHT1_V5.0.1, FP-SNS-FLIGHT1_V5.0.2, FP-SNS-MOTENV1_V4.3.1, FP-SNS-MOTENV1_V4.3.2, FP-SNS-MOTENVWB1_V1.3.1, FP-SNS-SMARTAG2_V1.2.0, STM32Cube_FW_C0_V1.1.0, STM32Cube_FW_F4_V1.28.0, STM32Cube_FW_F7_V1.17.0, STM32Cube_FW_G0_V1.6.2, STM32Cube_FW_G4_V1.5.2, STM32Cube_FW_H5_V0.5.1, STM32Cube_FW_H5_V1.1.1, STM32Cube_FW_H5_V1.2.0RC2, STM32Cube_FW_H7_V1.11.0, STM32Cube_FW_L0_V1.12.2, STM32Cube_FW_L5_V1.5.0, STM32Cube_FW_U5_V1.3.0RC4, STM32Cube_FW_U5_V1.4.0, STM32Cube_FW_WBA_V1.0.0RC1, STM32Cube_FW_WBA_V1.1.0RC1, STM32Cube_FW_WBA_V1.2.0, STM32Cube_FW_WBA_V1.2.0RC2, STM32Cube_FW_WB_V1.15.0RC1, STM32Cube_FW_WB_V1.16.0, STM32Cube_FW_WB_V1.16.0RC2, STM32Cube_FW_WB_V1.18.0, STM32Cube_FW_WL_V1.3.0, X-CUBE-ALGOBUILD_V1.3.0, X-CUBE-ALS_V1.0.1, X-CUBE-AZRTOS-F4_V1.1.0, X-CUBE-AZRTOS-F7_V1.1.0, X-CUBE-AZRTOS-G0_V1.1.0, X-CUBE-AZRTOS-G4_V2.0.0, X-CUBE-AZRTOS-H7_V3.2.0, X-CUBE-AZRTOS-L4_V1.0.0, X-CUBE-AZRTOS-L4_V2.0.0, X-CUBE-AZRTOS-L5_V1.1.0, X-CUBE-AZRTOS-WB_V2.0.0, X-CUBE-AZRTOS-WL_V2.0.0, X-CUBE-BLE1_V7.0.0, X-CUBE-BLE2_V3.3.0, X-CUBE-BLEMGR_V3.0.0, X-CUBE-EEPRMA1_V4.1.0, X-CUBE-EEPRMA1_V4.2.0, X-CUBE-FREERTOS_V1.1.0, X-CUBE-GNSS1_V6.0.0, X-CUBE-MEMS1_V10.0.0, X-CUBE-MEMS1_V9.1.0, X-CUBE-MEMS1_V9.4.0, X-CUBE-MEMS1_V9.6.0, X-CUBE-NFC4_V3.0.0, X-CUBE-NFC7_V1.0.1, X-CUBE-SFXS2LP1_V4.0.0, X-CUBE-SUBG2_V5.0.0, X-CUBE-TOF1_V3.4.0]
2024-02-06 15:05:00,957 [INFO] ApiDb:240 - Found 323 in-development CPN: [B-G473E-ZEST1S, B-WB1M-WPAN1, B-WL5M-SUBG1, NUCLEO-C031C6, NUCLEO-H503RB, NUCLEO-H563ZI, NUCLEO-U545RE-Q, NUCLEO-U5A5ZJ-Q, NUCLEO-WBA52CG, STEVAL-PROTEUS1, STEVAL-SMARTAG2, STEVAL-STWINBX1, STM320518-EVAL, STM32C0116-DK, STM32C011D6Y3TR, STM32C011D6Y6TR, STM32C011F4P3, STM32C011F4P6, STM32C011F4U3, STM32C011F4U6TR, STM32C011F6P3, STM32C011F6P6, STM32C011F6U3, STM32C011F6U6TR, STM32C011J4M3, STM32C011J4M6, STM32C011J6M3, STM32C011J6M6, STM32C0316-DK, STM32C031C4T3, STM32C031C4T6, STM32C031C4U3, STM32C031C4U6, STM32C031C6T3, STM32C031C6T6, STM32C031C6U3, STM32C031C6U6, STM32C031F4P3, STM32C031F4P6, STM32C031F6P3, STM32C031F6P6, STM32C031G4U3, STM32C031G4U6, STM32C031G6U3, STM32C031G6U6, STM32C031K4T3, STM32C031K4T6, STM32C031K4U3, STM32C031K4U6, STM32C031K6T3, STM32C031K6T6, STM32C031K6U3, STM32C031K6U6, STM32G071K8TXN, STM32G071K8UXN, STM32G081GBU6N, STM32G081KBT6N, STM32G081KBUXN, STM32G0B1CCT6N, STM32G0B1KCT6, STM32G0B1NEY6TR, STM32G0B1RCT6N, STM32G0C1CCT6, STM32G0C1CCT6N, STM32G0C1CCU6N, STM32G0C1CET6N, STM32G0C1CEU6N, STM32G0C1KCT6, STM32G0C1NEY6TR, STM32G0C1RCI6N, STM32G0C1RCT6N, STM32G0C1REI6N, STM32G0C1RET6N, STM32G0C1VCI6, STM32G0C1VEI6, STM32G471CCT6, STM32G471CCU6, STM32G471CET3, STM32G471CET6, STM32G471CEU3, STM32G471CEU6, STM32G471MCT6, STM32G471MET3, STM32G471MET6, STM32G471MEY6TR, STM32G471QCT6, STM32G471QET3, STM32G471RCT6, STM32G471RET3, STM32G471RET6, STM32G471VCH6, STM32G471VCI6, STM32G471VCT6, STM32G471VEH3, STM32G471VEH6, STM32G471VEI3, STM32G471VEI6, STM32G471VET3, STM32G471VET6, STM32G474CCT6, STM32H503CBT6, STM32H503CBU6, STM32H503EBY6TR, STM32H503KBU6, STM32H503RBT6, STM32H562AGI6, STM32H562AII6, STM32H562IGK6, STM32H562IGT6, STM32H562IIK6, STM32H562IIT6, STM32H562RGT6, STM32H562RGV6, STM32H562RIT6, STM32H562RIV6, STM32H562VGT6, STM32H562VIT6, STM32H562ZGT6, STM32H562ZIT6, STM32H563AGI6, STM32H563AII3Q, STM32H563AII6, STM32H563IGK6, STM32H563IGT6, STM32H563IIK3Q, STM32H563IIK6, STM32H563IIT3Q, STM32H563IIT6, STM32H563MIY3QTR, STM32H563RGT6, STM32H563RGV6, STM32H563RIT6, STM32H563RIV6, STM32H563VGT6, STM32H563VIT3Q, STM32H563VIT6, STM32H563ZGT6, STM32H563ZIT3Q, STM32H563ZIT6, STM32H573AII3Q, STM32H573AII6, STM32H573I-DK, STM32H573IIK3Q, STM32H573IIK6, STM32H573IIT3Q, STM32H573IIT6, STM32H573MIY3QTR, STM32H573RIT6, STM32H573RIV6, STM32H573VIT3Q, STM32H573VIT6, STM32H573ZIT3Q, STM32H573ZIT6, STM32L4R5QGI6STR, STM32MP131AAE3, STM32MP131AAF3, STM32MP131AAG3, STM32MP131CAE3, STM32MP131CAF3, STM32MP131CAG3, STM32MP131DAE7, STM32MP131DAF7, STM32MP131DAG7, STM32MP131FAE7, STM32MP131FAF7, STM32MP131FAG7, STM32MP133AAE3, STM32MP133AAF3, STM32MP133AAG3, STM32MP133CAE3, STM32MP133CAF3, STM32MP133CAG3, STM32MP133DAE7, STM32MP133DAF7, STM32MP133DAG7, STM32MP133FAE7, STM32MP133FAF7, STM32MP133FAG7, STM32MP135AAE3, STM32MP135AAF3, STM32MP135AAG3, STM32MP135CAE3, STM32MP135CAF3, STM32MP135CAG3, STM32MP135DAE7, STM32MP135DAF7, STM32MP135DAG7, STM32MP135F-DK, STM32MP135FAE7, STM32MP135FAF7, STM32MP135FAF7T, STM32MP135FAF7U, STM32MP135FAG7, STM32U535CBT6, STM32U535CBT6Q, STM32U535CBU6, STM32U535CBU6Q, STM32U535CCT6, STM32U535CCT6Q, STM32U535CCU6, STM32U535CCU6Q, STM32U535CET6, STM32U535CET6Q, STM32U535CEU6, STM32U535CEU6Q, STM32U535JEY6QTR, STM32U535NCY6QTR, STM32U535NEY6QTR, STM32U535RBI6, STM32U535RBI6Q, STM32U535RBT6, STM32U535RBT6Q, STM32U535RCI6, STM32U535RCI6Q, STM32U535RCT6, STM32U535RCT6Q, STM32U535REI6, STM32U535REI6Q, STM32U535RET6, STM32U535RET6Q, STM32U535VCI6, STM32U535VCI6Q, STM32U535VCT6, STM32U535VCT6Q, STM32U535VEI6, STM32U535VEI6Q, STM32U535VET6, STM32U535VET6Q, STM32U545CET6, STM32U545CET6Q, STM32U545CEU6, STM32U545CEU6Q, STM32U545JEY6QTR, STM32U545NEY6QTR, STM32U545REI6, STM32U545REI6Q, STM32U545RET6, STM32U545RET6Q, STM32U545VEI6, STM32U545VEI6Q, STM32U545VET6, STM32U545VET6Q, STM32U595AIH6, STM32U595AIH6Q, STM32U595AJH6, STM32U595AJH6Q, STM32U595QII6, STM32U595QII6Q, STM32U595QJI6, STM32U595QJI6Q, STM32U595RIT6, STM32U595RIT6Q, STM32U595RJT6, STM32U595RJT6Q, STM32U595VIT6, STM32U595VIT6Q, STM32U595VJT6, STM32U595VJT6Q, STM32U595ZIT6, STM32U595ZIT6Q, STM32U595ZIY6QTR, STM32U595ZJT6, STM32U595ZJT6Q, STM32U595ZJY6QTR, STM32U599BJY6QTR, STM32U599NIH6Q, STM32U599NJH6Q, STM32U599VIT6Q, STM32U599VJT6, STM32U599VJT6Q, STM32U599ZIT6Q, STM32U599ZIY6QTR, STM32U599ZJT6Q, STM32U599ZJY6QTR, STM32U5A5AJH6, STM32U5A5AJH6Q, STM32U5A5QJI6, STM32U5A5QJI6Q, STM32U5A5RJT6, STM32U5A5RJT6Q, STM32U5A5VJT6, STM32U5A5VJT6Q, STM32U5A5ZJT6, STM32U5A5ZJT6Q, STM32U5A5ZJY6QTR, STM32U5A9BJY6QTR, STM32U5A9J-DK, STM32U5A9NJH6Q, STM32U5A9VJT6Q, STM32U5A9ZJT6Q, STM32U5A9ZJY6QTR, STM32U5F7VIT6, STM32U5F7VIT6Q, STM32U5F7VJT6, STM32U5F7VJT6Q, STM32U5F9BJY6QTR, STM32U5F9NJH6Q, STM32U5F9VIT6Q, STM32U5F9VJT6Q, STM32U5F9ZIJ6QTR, STM32U5F9ZIT6Q, STM32U5F9ZJJ6QTR, STM32U5F9ZJT6Q, STM32U5G7VJT6, STM32U5G7VJT6Q, STM32U5G9BJY6QTR, STM32U5G9J-DK1, STM32U5G9J-DK2, STM32U5G9NJH6Q, STM32U5G9VJT6Q, STM32U5G9ZJJ6QTR, STM32U5G9ZJT6Q, STM32WB1MMCH6, STM32WBA52CEU6, STM32WBA52CEU6T, STM32WBA52CGU6, STM32WBA52CGU6T, STM32WBA52KEU6, STM32WBA52KEU6T, STM32WBA52KGU6, STM32WBA52KGU6T, STM32WL5MOCH6, STM32WL5MOCH6TR]
2024-02-06 15:05:00,963 [INFO] DbMcus:217 - Found 3882 MCUs, 3882 are supported
2024-02-06 15:05:00,965 [INFO] ApiDb:423 - Load user favorites file C:\Users\carine.allaf.GEII1/.stm32cubeide/favorites.mcus.txt: 0 item(s)
2024-02-06 15:05:00,966 [INFO] ApiDb:427 - User favorites MCUs=[]
2024-02-06 15:05:00,966 [INFO] DbMcus:223 - Set 0 / 0 favorites MCUs
2024-02-06 15:05:01,318 [WARN] ThirdParty:833 - waiting for thirdparty lock release [change project]
2024-02-06 15:05:01,318 [INFO] ThirdParty:835 - entering critical section [change project]
2024-02-06 15:05:01,319 [INFO] ThirdParty:1030 - CMSIS Pack Vendor :STMicroelectronics X-CUBE-ISPU 1.1.0
2024-02-06 15:05:01,319 [INFO] ThirdParty:1030 - CMSIS Pack Vendor :STMicroelectronics USBPD 4.1
2024-02-06 15:05:01,319 [INFO] ThirdParty:1030 - CMSIS Pack Vendor :RoweBots I-CUBE-UNISONRTOS 5.5.0-4
2024-02-06 15:05:01,319 [INFO] ThirdParty:1030 - CMSIS Pack Vendor :STMicroelectronics X-CUBE-GNSS1 6.0.0
2024-02-06 15:05:01,319 [INFO] ThirdParty:1030 - CMSIS Pack Vendor :STMicroelectronics X-CUBE-AZRTOS-H7 2.1.0
2024-02-06 15:05:01,319 [INFO] ThirdParty:1030 - CMSIS Pack Vendor :STMicroelectronics USB_HOST 2.0.0
2024-02-06 15:05:01,319 [INFO] ThirdParty:1030 - CMSIS Pack Vendor :STMicroelectronics X-CUBE-AZRTOS-F4 1.1.0
2024-02-06 15:05:01,319 [INFO] ThirdParty:1030 - CMSIS Pack Vendor :STMicroelectronics LIBJPEG 8.0.0
2024-02-06 15:05:01,319 [INFO] ThirdParty:1030 - CMSIS Pack Vendor :STMicroelectronics X-CUBE-SMBUS 2.1.0
2024-02-06 15:05:01,319 [INFO] ThirdParty:1030 - CMSIS Pack Vendor :STMicroelectronics USB_DEVICE 3.0.0
2024-02-06 15:05:01,319 [INFO] ThirdParty:1030 - CMSIS Pack Vendor :STMicroelectronics X-CUBE-AZRTOS-WB 2.0.0
2024-02-06 15:05:01,319 [INFO] ThirdParty:1030 - CMSIS Pack Vendor :STMicroelectronics X-CUBE-TOUCHGFX 4.21.0
2024-02-06 15:05:01,319 [INFO] ThirdParty:1030 - CMSIS Pack Vendor :STMicroelectronics X-CUBE-TOUCHGFX 4.23.0
2024-02-06 15:05:01,319 [INFO] ThirdParty:1030 - CMSIS Pack Vendor :STMicroelectronics X-CUBE-AZRTOS-F7 1.1.0
2024-02-06 15:05:01,319 [INFO] ThirdParty:1030 - CMSIS Pack Vendor :STMicroelectronics X-CUBE-AZRTOS-L5 2.0.0
2024-02-06 15:05:01,319 [INFO] ThirdParty:1030 - CMSIS Pack Vendor :STMicroelectronics X-CUBE-MEMS1 9.4.0
2024-02-06 15:05:01,319 [INFO] ThirdParty:1030 - CMSIS Pack Vendor :STMicroelectronics USB_DEVICE 2.0.0
2024-02-06 15:05:01,320 [INFO] ThirdParty:1030 - CMSIS Pack Vendor :STMicroelectronics X-CUBE-AI 7.3.0
2024-02-06 15:05:01,320 [INFO] ThirdParty:1030 - CMSIS Pack Vendor :STMicroelectronics X-CUBE-MEMS1 9.6.0
2024-02-06 15:05:01,320 [INFO] ThirdParty:1030 - CMSIS Pack Vendor :STMicroelectronics X-CUBE-EEPRMA1 4.2.0
2024-02-06 15:05:01,320 [INFO] ThirdParty:1030 - CMSIS Pack Vendor :ITTIA_DB I-CUBE-ITTIADB 8.8.0
2024-02-06 15:05:01,320 [INFO] ThirdParty:1030 - CMSIS Pack Vendor :STMicroelectronics FP-SNS-MOTENV1 4.3.2
2024-02-06 15:05:01,320 [INFO] ThirdParty:1030 - CMSIS Pack Vendor :STMicroelectronics X-CUBE-ALGOBUILD 1.3.0
2024-02-06 15:05:01,320 [INFO] ThirdParty:1030 - CMSIS Pack Vendor :STMicroelectronics X-CUBE-BLE1 6.2.4
2024-02-06 15:05:01,320 [INFO] ThirdParty:1030 - CMSIS Pack Vendor :STMicroelectronics X-CUBE-AZRTOS-L5 1.1.0
2024-02-06 15:05:01,320 [INFO] ThirdParty:1030 - CMSIS Pack Vendor :STMicroelectronics FreeRTOS 0.0.1
2024-02-06 15:05:01,320 [INFO] ThirdParty:1030 - CMSIS Pack Vendor :STMicroelectronics X-CUBE-AZRTOS-G0 1.1.0
2024-02-06 15:05:01,320 [INFO] ThirdParty:1030 - CMSIS Pack Vendor :emotas I-CUBE-CANOPEN 1.1.3
2024-02-06 15:05:01,320 [INFO] ThirdParty:1030 - CMSIS Pack Vendor :STMicroelectronics X-CUBE-BLEMGR 2.0.0
2024-02-06 15:05:01,320 [INFO] ThirdParty:1030 - CMSIS Pack Vendor :STMicroelectronics X-CUBE-NFC4 3.0.0
2024-02-06 15:05:01,320 [INFO] ThirdParty:1030 - CMSIS Pack Vendor :STMicroelectronics X-CUBE-SUBG2 5.0.0
2024-02-06 15:05:01,320 [INFO] ThirdParty:1030 - CMSIS Pack Vendor :STMicroelectronics STM32_WPAN 1.0.0
2024-02-06 15:05:01,320 [INFO] ThirdParty:1030 - CMSIS Pack Vendor :SEGGER I-CUBE-embOS 1.2.1
2024-02-06 15:05:01,320 [INFO] ThirdParty:1030 - CMSIS Pack Vendor :STMicroelectronics lwIP 2.0.3
2024-02-06 15:05:01,320 [INFO] ThirdParty:1030 - CMSIS Pack Vendor :STMicroelectronics FP-SNS-FLIGHT1 5.0.2
2024-02-06 15:05:01,320 [INFO] ThirdParty:1030 - CMSIS Pack Vendor :STMicroelectronics X-CUBE-NFC4 2.0.5
2024-02-06 15:05:01,320 [INFO] ThirdParty:1030 - CMSIS Pack Vendor :STMicroelectronics USB_HOST 1.0.0
2024-02-06 15:05:01,320 [INFO] ThirdParty:1030 - CMSIS Pack Vendor :STMicroelectronics X-CUBE-TOF1 3.3.1
2024-02-06 15:05:01,321 [INFO] ThirdParty:1030 - CMSIS Pack Vendor :STMicroelectronics X-CUBE-AZRTOS-G4 2.0.0
2024-02-06 15:05:01,321 [INFO] ThirdParty:1030 - CMSIS Pack Vendor :STMicroelectronics PDM2PCM 3.1.0
2024-02-06 15:05:01,321 [INFO] ThirdParty:1030 - CMSIS Pack Vendor :STMicroelectronics X-CUBE-AZRTOS-H7 3.1.0
2024-02-06 15:05:01,321 [INFO] ThirdParty:1030 - CMSIS Pack Vendor :STMicroelectronics FP-ATR-ASTRA1 1.1.1
2024-02-06 15:05:01,321 [INFO] ThirdParty:1030 - CMSIS Pack Vendor :Infineon AIROC-Wi-Fi-Bluetooth-STM32 1.5.1
2024-02-06 15:05:01,321 [INFO] ThirdParty:1030 - CMSIS Pack Vendor :STMicroelectronics X-CUBE-BLEMGR 3.0.0
2024-02-06 15:05:01,321 [INFO] ThirdParty:1030 - CMSIS Pack Vendor :STMicroelectronics PDM2PCM 3.3.0
2024-02-06 15:05:01,321 [INFO] ThirdParty:1030 - CMSIS Pack Vendor :STMicroelectronics X-CUBE-DISPLAY 3.0.0
2024-02-06 15:05:01,321 [INFO] ThirdParty:1030 - CMSIS Pack Vendor :STMicroelectronics X-CUBE-BLEMGR 1.3.0
2024-02-06 15:05:01,321 [INFO] ThirdParty:1030 - CMSIS Pack Vendor :wolfSSL I-CUBE-wolfSSL 5.5.3
2024-02-06 15:05:01,321 [INFO] ThirdParty:1030 - CMSIS Pack Vendor :STMicroelectronics FP-SNS-MOTENVWB1 1.3.1
2024-02-06 15:05:01,321 [INFO] ThirdParty:1030 - CMSIS Pack Vendor :STMicroelectronics X-CUBE-BLE1 7.0.0
2024-02-06 15:05:01,321 [INFO] ThirdParty:1030 - CMSIS Pack Vendor :STMicroelectronics FP-ATR-SIGFOX1 3.2.0
2024-02-06 15:05:01,321 [INFO] ThirdParty:1030 - CMSIS Pack Vendor :STMicroelectronics X-CUBE-AZRTOS-G4 1.0.0
2024-02-06 15:05:01,321 [INFO] ThirdParty:1030 - CMSIS Pack Vendor :STMicroelectronics X-CUBE-AZRTOS-L4 1.0.0
2024-02-06 15:05:01,321 [INFO] ThirdParty:1030 - CMSIS Pack Vendor :STMicroelectronics X-CUBE-ISPU 2.0.0
2024-02-06 15:05:01,321 [INFO] ThirdParty:1030 - CMSIS Pack Vendor :STMicroelectronics X-CUBE-EEPRMA1 5.1.0
2024-02-06 15:05:01,321 [INFO] ThirdParty:1030 - CMSIS Pack Vendor :STMicroelectronics HAL Drivers 0.0.0
2024-02-06 15:05:01,321 [INFO] ThirdParty:1030 - CMSIS Pack Vendor :STMicroelectronics MBEDTLS 2.16.2
2024-02-06 15:05:01,321 [INFO] ThirdParty:1030 - CMSIS Pack Vendor :STMicroelectronics X-CUBE-TOUCHGFX 4.20.0
2024-02-06 15:05:01,321 [INFO] ThirdParty:1030 - CMSIS Pack Vendor :STMicroelectronics X-CUBE-MEMS1 10.0.0
2024-02-06 15:05:01,321 [INFO] ThirdParty:1030 - CMSIS Pack Vendor :STMicroelectronics X-CUBE-FREERTOS 1.1.0
2024-02-06 15:05:01,322 [INFO] ThirdParty:1030 - CMSIS Pack Vendor :STMicroelectronics X-CUBE-TOUCHGFX 4.22.0
2024-02-06 15:05:01,322 [INFO] ThirdParty:1030 - CMSIS Pack Vendor :STMicroelectronics X-CUBE-NFC7 1.0.1
2024-02-06 15:05:01,322 [INFO] ThirdParty:1030 - CMSIS Pack Vendor :STMicroelectronics MBEDTLS 2.14.1
2024-02-06 15:05:01,322 [INFO] ThirdParty:1030 - CMSIS Pack Vendor :STMicroelectronics X-CUBE-NFC7 1.0.0
2024-02-06 15:05:01,322 [INFO] ThirdParty:1030 - CMSIS Pack Vendor :STMicroelectronics X-CUBE-TOUCHGFX 4.22.1
2024-02-06 15:05:01,322 [INFO] ThirdParty:1030 - CMSIS Pack Vendor :STMicroelectronics X-CUBE-AZRTOS-WL 1.0.0
2024-02-06 15:05:01,322 [INFO] ThirdParty:1030 - CMSIS Pack Vendor :STMicroelectronics X-CUBE-NFC6 3.0.0
2024-02-06 15:05:01,322 [INFO] ThirdParty:1030 - CMSIS Pack Vendor :STMicroelectronics X-CUBE-EEPRMA1 4.1.0
2024-02-06 15:05:01,322 [INFO] ThirdParty:1030 - CMSIS Pack Vendor :portGmbH I-Cube-SoM-uGOAL 1.1.0
2024-02-06 15:05:01,322 [INFO] ThirdParty:1030 - CMSIS Pack Vendor :STMicroelectronics X-CUBE-ALS 1.0.1
2024-02-06 15:05:01,322 [INFO] ThirdParty:1030 - CMSIS Pack Vendor :STMicroelectronics ThreadX 1.0.0
2024-02-06 15:05:01,322 [INFO] ThirdParty:1030 - CMSIS Pack Vendor :STMicroelectronics FP-SNS-SMARTAG2 1.2.0
2024-02-06 15:05:01,322 [INFO] ThirdParty:1030 - CMSIS Pack Vendor :STMicroelectronics X-CUBE-AZRTOS-WB 1.1.0
2024-02-06 15:05:01,322 [INFO] ThirdParty:1030 - CMSIS Pack Vendor :STMicroelectronics X-CUBE-AZRTOS-WL 2.0.0
2024-02-06 15:05:01,322 [INFO] ThirdParty:1030 - CMSIS Pack Vendor :SEGGER I-CUBE-embOS 1.3.1
2024-02-06 15:05:01,322 [INFO] ThirdParty:1030 - CMSIS Pack Vendor :STMicroelectronics USB_DEVICE 1.0.0
2024-02-06 15:05:01,322 [INFO] ThirdParty:1030 - CMSIS Pack Vendor :STMicroelectronics X-CUBE-AI 8.1.0
2024-02-06 15:05:01,322 [INFO] ThirdParty:1030 - CMSIS Pack Vendor :STMicroelectronics X-CUBE-EEPRMA1 3.1.1
2024-02-06 15:05:01,322 [INFO] ThirdParty:1030 - CMSIS Pack Vendor :STMicroelectronics X-CUBE-AZRTOS-L4 2.0.0
2024-02-06 15:05:01,322 [INFO] ThirdParty:1030 - CMSIS Pack Vendor :STMicroelectronics ThreadX 0.0.2
2024-02-06 15:05:01,322 [INFO] ThirdParty:1030 - CMSIS Pack Vendor :WES I-CUBE-Cesium 1.3.0
2024-02-06 15:05:01,323 [INFO] ThirdParty:1030 - CMSIS Pack Vendor :STMicroelectronics FP-ATR-ASTRA1 2.0.0
2024-02-06 15:05:01,323 [INFO] ThirdParty:1030 - CMSIS Pack Vendor :STMicroelectronics lwIP 2.1.2
2024-02-06 15:05:01,323 [INFO] ThirdParty:1030 - CMSIS Pack Vendor :STMicroelectronics X-CUBE-SFXS2LP1 4.0.0
2024-02-06 15:05:01,323 [INFO] ThirdParty:1030 - CMSIS Pack Vendor :STMicroelectronics X-CUBE-BLE2 3.3.0
2024-02-06 15:05:01,323 [INFO] ThirdParty:1030 - CMSIS Pack Vendor :STMicroelectronics X-CUBE-TOF1 3.4.0
2024-02-06 15:05:01,323 [INFO] ThirdParty:1030 - CMSIS Pack Vendor :STMicroelectronics X-CUBE-DISPLAY 2.2.0
2024-02-06 15:05:01,323 [INFO] ThirdParty:1030 - CMSIS Pack Vendor :STMicroelectronics X-CUBE-TOF1 3.2.0
2024-02-06 15:05:01,323 [INFO] ThirdParty:1030 - CMSIS Pack Vendor :STMicroelectronics X-CUBE-AZRTOS-H7 3.2.0
2024-02-06 15:05:01,323 [INFO] ThirdParty:1030 - CMSIS Pack Vendor :STMicroelectronics PDM2PCM 3.2.0
2024-02-06 15:05:01,323 [INFO] ThirdParty:1030 - CMSIS Pack Vendor :STMicroelectronics X-CUBE-AZRTOS-H7 3.0.0
2024-02-06 15:05:01,323 [INFO] ThirdParty:841 - exiting critical section [change project]
2024-02-06 15:05:01,870 [INFO] PinOutPanel:1499 - setPackage(No Configuration,No Configuration)
2024-02-06 15:05:01,872 [INFO] PinOutPanel:1499 - setPackage(STM32F429ZITx,LQFP144)
2024-02-06 15:05:02,393 [INFO] UtilMem:75 - Before build in PCC Used Memory: 236359088 Bytes (667942912)
2024-02-06 15:05:03,269 [INFO] UtilMem:75 - After build in PCC Used Memory: 308228032 Bytes (667942912)
2024-02-06 15:05:03,306 [INFO] IPUIPlugin:80 - create IPUIPlugin
2024-02-06 15:05:03,306 [INFO] IPUIPlugin:80 - create IPUIPlugin
2024-02-06 15:05:03,307 [INFO] IPUIPlugin:80 - create IPUIPlugin
2024-02-06 15:05:03,307 [INFO] IPUIPlugin:80 - create IPUIPlugin
2024-02-06 15:05:03,307 [INFO] IPUIPlugin:80 - create IPUIPlugin
2024-02-06 15:05:03,307 [INFO] IPUIPlugin:80 - create IPUIPlugin
2024-02-06 15:05:03,307 [INFO] IPUIPlugin:80 - create IPUIPlugin
2024-02-06 15:05:03,308 [INFO] IPUIPlugin:80 - create IPUIPlugin
2024-02-06 15:05:03,308 [INFO] IPUIPlugin:80 - create IPUIPlugin
2024-02-06 15:05:03,308 [INFO] IPUIPlugin:80 - create IPUIPlugin
2024-02-06 15:05:03,308 [INFO] IPUIPlugin:80 - create IPUIPlugin
2024-02-06 15:05:03,309 [INFO] IPUIPlugin:80 - create IPUIPlugin
2024-02-06 15:05:03,309 [INFO] IPUIPlugin:80 - create IPUIPlugin
2024-02-06 15:05:03,309 [INFO] IPUIPlugin:80 - create IPUIPlugin
2024-02-06 15:05:03,309 [INFO] IPUIPlugin:80 - create IPUIPlugin
2024-02-06 15:05:03,309 [INFO] IPUIPlugin:80 - create IPUIPlugin
2024-02-06 15:05:03,310 [INFO] IPUIPlugin:80 - create IPUIPlugin
2024-02-06 15:05:03,310 [INFO] IPUIPlugin:80 - create IPUIPlugin
2024-02-06 15:05:03,310 [INFO] IPUIPlugin:80 - create IPUIPlugin
2024-02-06 15:05:03,310 [INFO] IPUIPlugin:80 - create IPUIPlugin
2024-02-06 15:05:03,310 [INFO] IPUIPlugin:80 - create IPUIPlugin
2024-02-06 15:05:03,311 [INFO] IPUIPlugin:80 - create IPUIPlugin
2024-02-06 15:05:03,311 [INFO] IPUIPlugin:80 - create IPUIPlugin
2024-02-06 15:05:03,311 [INFO] IPUIPlugin:80 - create IPUIPlugin
2024-02-06 15:05:03,312 [INFO] IPUIPlugin:80 - create IPUIPlugin
2024-02-06 15:05:03,312 [INFO] IPUIPlugin:80 - create IPUIPlugin
2024-02-06 15:05:03,313 [INFO] IPUIPlugin:80 - create IPUIPlugin
2024-02-06 15:05:03,313 [INFO] IPUIPlugin:80 - create IPUIPlugin
2024-02-06 15:05:03,313 [INFO] IPUIPlugin:80 - create IPUIPlugin
2024-02-06 15:05:03,313 [INFO] IPUIPlugin:80 - create IPUIPlugin
2024-02-06 15:05:03,314 [INFO] IPUIPlugin:80 - create IPUIPlugin
2024-02-06 15:05:03,314 [INFO] IPUIPlugin:80 - create IPUIPlugin
2024-02-06 15:05:03,314 [INFO] IPUIPlugin:80 - create IPUIPlugin
2024-02-06 15:05:03,314 [INFO] IPUIPlugin:80 - create IPUIPlugin
2024-02-06 15:05:03,315 [INFO] IPUIPlugin:80 - create IPUIPlugin
2024-02-06 15:05:03,315 [INFO] IPUIPlugin:80 - create IPUIPlugin
2024-02-06 15:05:03,315 [INFO] IPUIPlugin:80 - create IPUIPlugin
2024-02-06 15:05:03,315 [INFO] IPUIPlugin:80 - create IPUIPlugin
2024-02-06 15:05:03,316 [INFO] IPUIPlugin:80 - create IPUIPlugin
2024-02-06 15:05:03,316 [INFO] IPUIPlugin:80 - create IPUIPlugin
2024-02-06 15:05:03,316 [INFO] IPUIPlugin:80 - create IPUIPlugin
2024-02-06 15:05:03,317 [INFO] IPUIPlugin:80 - create IPUIPlugin
2024-02-06 15:05:03,317 [INFO] IPUIPlugin:80 - create IPUIPlugin
2024-02-06 15:05:03,318 [INFO] IPUIPlugin:80 - create IPUIPlugin
2024-02-06 15:05:03,318 [INFO] IPUIPlugin:80 - create IPUIPlugin
2024-02-06 15:05:03,318 [INFO] IPUIPlugin:80 - create IPUIPlugin
2024-02-06 15:05:03,319 [INFO] IPUIPlugin:80 - create IPUIPlugin
2024-02-06 15:05:03,319 [INFO] IPUIPlugin:80 - create IPUIPlugin
2024-02-06 15:05:03,319 [INFO] IPUIPlugin:80 - create IPUIPlugin
2024-02-06 15:05:03,319 [INFO] IPUIPlugin:80 - create IPUIPlugin
2024-02-06 15:05:03,320 [INFO] IPUIPlugin:80 - create IPUIPlugin
2024-02-06 15:05:03,320 [INFO] IPUIPlugin:80 - create IPUIPlugin
2024-02-06 15:05:03,321 [INFO] IPUIPlugin:80 - create IPUIPlugin
2024-02-06 15:05:03,321 [INFO] IPUIPlugin:80 - create IPUIPlugin
2024-02-06 15:05:03,322 [INFO] IPUIPlugin:80 - create IPUIPlugin
2024-02-06 15:05:03,322 [INFO] IPUIPlugin:80 - create IPUIPlugin
2024-02-06 15:05:03,323 [INFO] IPUIPlugin:80 - create IPUIPlugin
2024-02-06 15:05:03,323 [INFO] IPUIPlugin:80 - create IPUIPlugin
2024-02-06 15:05:03,324 [INFO] IPUIPlugin:80 - create IPUIPlugin
2024-02-06 15:05:03,324 [INFO] IPUIPlugin:80 - create IPUIPlugin
2024-02-06 15:05:03,324 [INFO] IPUIPlugin:80 - create IPUIPlugin
2024-02-06 15:05:03,325 [INFO] IPUIPlugin:80 - create IPUIPlugin
2024-02-06 15:05:03,325 [INFO] IPUIPlugin:80 - create IPUIPlugin
2024-02-06 15:05:03,326 [INFO] IPUIPlugin:80 - create IPUIPlugin
2024-02-06 15:05:03,326 [INFO] IPUIPlugin:80 - create IPUIPlugin
2024-02-06 15:05:03,327 [INFO] IPUIPlugin:80 - create IPUIPlugin
2024-02-06 15:05:03,434 [INFO] ApiDbMcu:507 - Load IP Config File for PDM2PCM
2024-02-06 15:05:03,447 [INFO] Can:71 - Can Add PropertyChangeListener com.st.microxplorer.plugins.ip.can.Can@5dce1d84
2024-02-06 15:05:03,688 [INFO] CADModel:165 - CPN selected for project levelSTM32F429ZIT6
2024-02-06 15:05:03,688 [INFO] CADModel:114 - Register for checkConnection events
2024-02-06 15:05:03,739 [INFO] OpenFileManager:328 - Restore cursor
2024-02-06 15:09:23,112 [ERROR] LogOutputStream:75 - [STDERR_REDIRECT] 
